[debug] [2021-03-19T22:07:36.640Z] ----------------------------------------------------------------------
[debug] [2021-03-19T22:07:36.642Z] Command:       /usr/local/Cellar/node/15.10.0_1/bin/node /usr/local/bin/firebase deploy
[debug] [2021-03-19T22:07:36.642Z] CLI Version:   9.6.1
[debug] [2021-03-19T22:07:36.644Z] Platform:      darwin
[debug] [2021-03-19T22:07:36.644Z] Node Version:  v15.10.0
[debug] [2021-03-19T22:07:36.646Z] Time:          Sat Mar 20 2021 01:07:36 GMT+0300 (Moscow Standard Time)
[debug] [2021-03-19T22:07:36.646Z] ----------------------------------------------------------------------
[debug] [2021-03-19T22:07:36.646Z] 
[debug] [2021-03-19T22:07:36.654Z] > command requires scopes: ["email","openid","https://www.googleapis.com/auth/cloudplatformprojects.readonly","https://www.googleapis.com/auth/firebase","https://www.googleapis.com/auth/cloud-platform"]
[debug] [2021-03-19T22:07:36.654Z] > authorizing via signed-in user
[debug] [2021-03-19T22:07:36.654Z] [iam] checking project senior-poll for permissions ["firebase.projects.get","firebasehosting.sites.update"]
[debug] [2021-03-19T22:07:36.656Z] >>> HTTP REQUEST POST https://cloudresourcemanager.googleapis.com/v1/projects/senior-poll:testIamPermissions  
 {"permissions":["firebase.projects.get","firebasehosting.sites.update"]}
[debug] [2021-03-19T22:07:37.743Z] <<< HTTP RESPONSE 200 {"content-type":"application/json; charset=UTF-8","vary":"X-Origin, Referer, Origin,Accept-Encoding","date":"Fri, 19 Mar 2021 22:07:37 GMT","server":"ESF","cache-control":"private","x-xss-protection":"0","x-frame-options":"SAMEORIGIN","x-content-type-options":"nosniff","server-timing":"gfet4t7; dur=828","alt-svc":"h3-29=\":443\"; ma=2592000,h3-T051=\":443\"; ma=2592000,h3-Q050=\":443\"; ma=2592000,h3-Q046=\":443\"; ma=2592000,h3-Q043=\":443\"; ma=2592000,quic=\":443\"; ma=2592000; v=\"46,43\"","accept-ranges":"none","transfer-encoding":"chunked"}
[debug] [2021-03-19T22:07:37.746Z] > refreshing access token with scopes: []
[debug] [2021-03-19T22:07:37.746Z] >>> HTTP REQUEST POST https://www.googleapis.com/oauth2/v3/token  
 <request body omitted>
[debug] [2021-03-19T22:07:37.945Z] <<< HTTP RESPONSE 200 {"pragma":"no-cache","expires":"Mon, 01 Jan 1990 00:00:00 GMT","date":"Fri, 19 Mar 2021 22:07:38 GMT","cache-control":"no-cache, no-store, max-age=0, must-revalidate","content-type":"application/json; charset=utf-8","vary":"X-Origin, Referer, Origin,Accept-Encoding","server":"scaffolding on HTTPServer2","x-xss-protection":"0","x-frame-options":"SAMEORIGIN","x-content-type-options":"nosniff","alt-svc":"h3-29=\":443\"; ma=2592000,h3-T051=\":443\"; ma=2592000,h3-Q050=\":443\"; ma=2592000,h3-Q046=\":443\"; ma=2592000,h3-Q043=\":443\"; ma=2592000,quic=\":443\"; ma=2592000; v=\"46,43\"","accept-ranges":"none","transfer-encoding":"chunked"}
[debug] [2021-03-19T22:07:37.989Z] >>> [apiv2][query] GET https://firebase.googleapis.com/v1beta1/projects/senior-poll [none]
[debug] [2021-03-19T22:07:38.301Z] <<< [apiv2][status] GET https://firebase.googleapis.com/v1beta1/projects/senior-poll 200
[debug] [2021-03-19T22:07:38.301Z] <<< [apiv2][body] GET https://firebase.googleapis.com/v1beta1/projects/senior-poll {"projectId":"senior-poll","projectNumber":"1018956315686","displayName":"senior poll","name":"projects/senior-poll","resources":{"hostingSite":"senior-poll","storageBucket":"senior-poll.appspot.com","locationId":"europe-west"},"state":"ACTIVE"}
[info] 
[info] === Deploying to 'senior-poll'...
[info] 
[info] i  deploying hosting 
[debug] [2021-03-19T22:07:38.304Z] > refreshing access token with scopes: ["email","https://www.googleapis.com/auth/cloud-platform","https://www.googleapis.com/auth/cloudplatformprojects.readonly","https://www.googleapis.com/auth/firebase","openid"]
[debug] [2021-03-19T22:07:38.304Z] >>> HTTP REQUEST POST https://www.googleapis.com/oauth2/v3/token  
 <request body omitted>
[debug] [2021-03-19T22:07:38.431Z] <<< HTTP RESPONSE 200 {"expires":"Mon, 01 Jan 1990 00:00:00 GMT","date":"Fri, 19 Mar 2021 22:07:38 GMT","pragma":"no-cache","cache-control":"no-cache, no-store, max-age=0, must-revalidate","content-type":"application/json; charset=utf-8","vary":"X-Origin, Referer, Origin,Accept-Encoding","server":"scaffolding on HTTPServer2","x-xss-protection":"0","x-frame-options":"SAMEORIGIN","x-content-type-options":"nosniff","alt-svc":"h3-29=\":443\"; ma=2592000,h3-T051=\":443\"; ma=2592000,h3-Q050=\":443\"; ma=2592000,h3-Q046=\":443\"; ma=2592000,h3-Q043=\":443\"; ma=2592000,quic=\":443\"; ma=2592000; v=\"46,43\"","accept-ranges":"none","transfer-encoding":"chunked"}
[debug] [2021-03-19T22:07:38.476Z] >>> HTTP REQUEST POST https://firebasehosting.googleapis.com/v1beta1/sites/senior-poll/versions  
 {"config":{"rewrites":[{"glob":"**","path":"/index.html"}]},"labels":{"deployment-tool":"cli-firebase"}}
[debug] [2021-03-19T22:07:39.995Z] <<< HTTP RESPONSE 200 {"content-type":"application/json; charset=UTF-8","vary":"X-Origin, Referer, Origin,Accept-Encoding","date":"Fri, 19 Mar 2021 22:07:39 GMT","server":"ESF","cache-control":"private","x-xss-protection":"0","x-frame-options":"SAMEORIGIN","x-content-type-options":"nosniff","alt-svc":"h3-29=\":443\"; ma=2592000,h3-T051=\":443\"; ma=2592000,h3-Q050=\":443\"; ma=2592000,h3-Q046=\":443\"; ma=2592000,h3-Q043=\":443\"; ma=2592000,quic=\":443\"; ma=2592000; v=\"46,43\"","accept-ranges":"none","transfer-encoding":"chunked"}
[info] i  hosting[senior-poll]: beginning deploy... 
[info] i  hosting[senior-poll]: found 5 files in dist 
[debug] [2021-03-19T22:07:40.056Z] > refreshing access token with scopes: []
[debug] [2021-03-19T22:07:40.056Z] >>> HTTP REQUEST POST https://www.googleapis.com/oauth2/v3/token  
 <request body omitted>
[debug] [2021-03-19T22:07:40.058Z] [hosting] hash cache [ZGlzdA] stored for 5 files
[debug] [2021-03-19T22:07:40.058Z] [hosting][hash queue][FINAL] {"max":52,"min":3,"avg":13.2,"active":0,"complete":5,"success":5,"errored":0,"retried":0,"total":5,"elapsed":56}
[debug] [2021-03-19T22:07:40.152Z] <<< HTTP RESPONSE 200 {"cache-control":"no-cache, no-store, max-age=0, must-revalidate","pragma":"no-cache","expires":"Mon, 01 Jan 1990 00:00:00 GMT","date":"Fri, 19 Mar 2021 22:07:40 GMT","content-type":"application/json; charset=utf-8","vary":"X-Origin, Referer, Origin,Accept-Encoding","server":"scaffolding on HTTPServer2","x-xss-protection":"0","x-frame-options":"SAMEORIGIN","x-content-type-options":"nosniff","alt-svc":"h3-29=\":443\"; ma=2592000,h3-T051=\":443\"; ma=2592000,h3-Q050=\":443\"; ma=2592000,h3-Q046=\":443\"; ma=2592000,h3-Q043=\":443\"; ma=2592000,quic=\":443\"; ma=2592000; v=\"46,43\"","accept-ranges":"none","transfer-encoding":"chunked"}
[debug] [2021-03-19T22:07:40.194Z] >>> [apiv2][query] POST https://firebasehosting.googleapis.com/v1beta1/sites/senior-poll/versions/28e5f3fa64c8b3a1:populateFiles [none]
[debug] [2021-03-19T22:07:40.194Z] >>> [apiv2][body] POST https://firebasehosting.googleapis.com/v1beta1/sites/senior-poll/versions/28e5f3fa64c8b3a1:populateFiles {"files":{"/index.html":"dc3cd41ddc109cad05215552e3f5e13e78572d3c313be88400c976145a1a3dfc","/assets/favicon.17e50649.svg":"6b6fbe186d9051a710a3c38b67b0530a22c03ae5b8fda5b11fe568310ecb4a6a","/assets/index.652b5977.js":"0bf87fb5129fbcdf78f52ef629416a22670f80ea854702bb4ad4951609511484","/assets/index.6cf528d5.css":"25ca69cba61d8c83cd2d83b233e303f059958a040ef10f55d5f2688b55dd3b59","/assets/vendor.8be690e0.js":"d54123bd4893b18aafd89b0fa3adac9cb42858eb830e10358aa43757f1cb76c0"}}
[debug] [2021-03-19T22:07:41.335Z] <<< [apiv2][status] POST https://firebasehosting.googleapis.com/v1beta1/sites/senior-poll/versions/28e5f3fa64c8b3a1:populateFiles 200
[debug] [2021-03-19T22:07:41.335Z] <<< [apiv2][body] POST https://firebasehosting.googleapis.com/v1beta1/sites/senior-poll/versions/28e5f3fa64c8b3a1:populateFiles {"uploadRequiredHashes":["25ca69cba61d8c83cd2d83b233e303f059958a040ef10f55d5f2688b55dd3b59","dc3cd41ddc109cad05215552e3f5e13e78572d3c313be88400c976145a1a3dfc","0bf87fb5129fbcdf78f52ef629416a22670f80ea854702bb4ad4951609511484"],"uploadUrl":"https://upload-firebasehosting.googleapis.com/upload/sites/senior-poll/versions/28e5f3fa64c8b3a1/files"}
[debug] [2021-03-19T22:07:41.337Z] >>> [apiv2][query] POST https://upload-firebasehosting.googleapis.com/upload/sites/senior-poll/versions/28e5f3fa64c8b3a1/files/25ca69cba61d8c83cd2d83b233e303f059958a040ef10f55d5f2688b55dd3b59 [none]
[debug] [2021-03-19T22:07:41.337Z] >>> [apiv2][body] POST https://upload-firebasehosting.googleapis.com/upload/sites/senior-poll/versions/28e5f3fa64c8b3a1/files/25ca69cba61d8c83cd2d83b233e303f059958a040ef10f55d5f2688b55dd3b59 [stream]
[debug] [2021-03-19T22:07:41.338Z] >>> [apiv2][query] POST https://upload-firebasehosting.googleapis.com/upload/sites/senior-poll/versions/28e5f3fa64c8b3a1/files/dc3cd41ddc109cad05215552e3f5e13e78572d3c313be88400c976145a1a3dfc [none]
[debug] [2021-03-19T22:07:41.338Z] >>> [apiv2][body] POST https://upload-firebasehosting.googleapis.com/upload/sites/senior-poll/versions/28e5f3fa64c8b3a1/files/dc3cd41ddc109cad05215552e3f5e13e78572d3c313be88400c976145a1a3dfc [stream]
[debug] [2021-03-19T22:07:41.339Z] >>> [apiv2][query] POST https://upload-firebasehosting.googleapis.com/upload/sites/senior-poll/versions/28e5f3fa64c8b3a1/files/0bf87fb5129fbcdf78f52ef629416a22670f80ea854702bb4ad4951609511484 [none]
[debug] [2021-03-19T22:07:41.340Z] >>> [apiv2][body] POST https://upload-firebasehosting.googleapis.com/upload/sites/senior-poll/versions/28e5f3fa64c8b3a1/files/0bf87fb5129fbcdf78f52ef629416a22670f80ea854702bb4ad4951609511484 [stream]
[debug] [2021-03-19T22:07:41.341Z] [hosting][populate queue][FINAL] {"max":1281,"min":1281,"avg":1281,"active":0,"complete":1,"success":1,"errored":0,"retried":0,"total":1,"elapsed":1285}
[debug] [2021-03-19T22:07:41.341Z] [hosting] uploads queued: 3
[debug] [2021-03-19T22:07:43.391Z] <<< [apiv2][status] POST https://upload-firebasehosting.googleapis.com/upload/sites/senior-poll/versions/28e5f3fa64c8b3a1/files/25ca69cba61d8c83cd2d83b233e303f059958a040ef10f55d5f2688b55dd3b59 200
[debug] [2021-03-19T22:07:43.391Z] <<< [apiv2][body] POST https://upload-firebasehosting.googleapis.com/upload/sites/senior-poll/versions/28e5f3fa64c8b3a1/files/25ca69cba61d8c83cd2d83b233e303f059958a040ef10f55d5f2688b55dd3b59 [stream]
[debug] [2021-03-19T22:07:43.397Z] <<< [apiv2][status] POST https://upload-firebasehosting.googleapis.com/upload/sites/senior-poll/versions/28e5f3fa64c8b3a1/files/0bf87fb5129fbcdf78f52ef629416a22670f80ea854702bb4ad4951609511484 200
[debug] [2021-03-19T22:07:43.397Z] <<< [apiv2][body] POST https://upload-firebasehosting.googleapis.com/upload/sites/senior-poll/versions/28e5f3fa64c8b3a1/files/0bf87fb5129fbcdf78f52ef629416a22670f80ea854702bb4ad4951609511484 [stream]
[debug] [2021-03-19T22:07:43.885Z] <<< [apiv2][status] POST https://upload-firebasehosting.googleapis.com/upload/sites/senior-poll/versions/28e5f3fa64c8b3a1/files/dc3cd41ddc109cad05215552e3f5e13e78572d3c313be88400c976145a1a3dfc 200
[debug] [2021-03-19T22:07:43.885Z] <<< [apiv2][body] POST https://upload-firebasehosting.googleapis.com/upload/sites/senior-poll/versions/28e5f3fa64c8b3a1/files/dc3cd41ddc109cad05215552e3f5e13e78572d3c313be88400c976145a1a3dfc [stream]
[debug] [2021-03-19T22:07:43.885Z] [hosting][upload queue][FINAL] {"max":2549,"min":2056,"avg":2222,"active":0,"complete":3,"success":3,"errored":0,"retried":0,"total":3,"elapsed":2550}
[info] ✔  hosting[senior-poll]: file upload complete 
[debug] [2021-03-19T22:07:43.886Z] [hosting] deploy completed after 3890ms
[debug] [2021-03-19T22:07:43.960Z] [
  {
    "config": {
      "public": "dist",
      "ignore": [
        "firebase.json",
        "**/.*",
        "**/node_modules/**"
      ],
      "rewrites": [
        {
          "source": "**",
          "destination": "/index.html"
        }
      ],
      "site": "senior-poll"
    },
    "site": "senior-poll",
    "version": "sites/senior-poll/versions/28e5f3fa64c8b3a1"
  }
]
[info] i  hosting[senior-poll]: finalizing version... 
[debug] [2021-03-19T22:07:43.961Z] > refreshing access token with scopes: ["email","https://www.googleapis.com/auth/cloud-platform","https://www.googleapis.com/auth/cloudplatformprojects.readonly","https://www.googleapis.com/auth/firebase","openid"]
[debug] [2021-03-19T22:07:43.961Z] >>> HTTP REQUEST POST https://www.googleapis.com/oauth2/v3/token  
 <request body omitted>
[debug] [2021-03-19T22:07:44.060Z] <<< HTTP RESPONSE 200 {"date":"Fri, 19 Mar 2021 22:07:44 GMT","pragma":"no-cache","cache-control":"no-cache, no-store, max-age=0, must-revalidate","expires":"Mon, 01 Jan 1990 00:00:00 GMT","content-type":"application/json; charset=utf-8","vary":"X-Origin, Referer, Origin,Accept-Encoding","server":"scaffolding on HTTPServer2","x-xss-protection":"0","x-frame-options":"SAMEORIGIN","x-content-type-options":"nosniff","alt-svc":"h3-29=\":443\"; ma=2592000,h3-T051=\":443\"; ma=2592000,h3-Q050=\":443\"; ma=2592000,h3-Q046=\":443\"; ma=2592000,h3-Q043=\":443\"; ma=2592000,quic=\":443\"; ma=2592000; v=\"46,43\"","accept-ranges":"none","transfer-encoding":"chunked"}
[debug] [2021-03-19T22:07:44.099Z] >>> HTTP REQUEST PATCH https://firebasehosting.googleapis.com/v1beta1/sites/senior-poll/versions/28e5f3fa64c8b3a1?updateMask=status  
 {"status":"FINALIZED"}
